[debug] [2026-04-16T16:36:23.455Z] ----------------------------------------------------------------------
[debug] [2026-04-16T16:36:23.457Z] Command:       C:\Program Files\nodejs\node.exe C:\Users\Usuario\AppData\Roaming\npm\node_modules\firebase-tools\lib\bin\firebase.js init
[debug] [2026-04-16T16:36:23.457Z] CLI Version:   15.14.0
[debug] [2026-04-16T16:36:23.457Z] Platform:      win32
[debug] [2026-04-16T16:36:23.457Z] Node Version:  v22.17.0
[debug] [2026-04-16T16:36:23.458Z] Time:          Thu Apr 16 2026 12:36:23 GMT-0400 (Horário Padrão do Amazonas)
[debug] [2026-04-16T16:36:23.458Z] ----------------------------------------------------------------------
[debug] 
[info] 
     ######## #### ########  ######## ########     ###     ######  ########
     ##        ##  ##     ## ##       ##     ##  ##   ##  ##       ##
     ######    ##  ########  ######   ########  #########  ######  ######
     ##        ##  ##    ##  ##       ##     ## ##     ##       ## ##
     ##       #### ##     ## ######## ########  ##     ##  ######  ########

You're about to initialize a Firebase project in this directory:

  C:\xampp\htdocs\Tarefa LoginCadastro

Before we get started, keep in mind:

  * You are currently outside your home directory

[info] 
=== Project Setup
[info] 
[info] First, let's associate this project directory with a Firebase project.
[info] You can create multiple project aliases by running firebase use --add, 
[info] 
[debug] [2026-04-16T16:37:22.713Z] > command requires scopes: ["email","openid","https://www.googleapis.com/auth/cloudplatformprojects.readonly","https://www.googleapis.com/auth/firebase","https://www.googleapis.com/auth/cloud-platform"]
[debug] [2026-04-16T16:37:22.714Z] > authorizing via signed-in user (ryan2018atual@gmail.com)
[debug] [2026-04-16T16:37:22.715Z] Checked if tokens are valid: false, expires at: 1776284208058
[debug] [2026-04-16T16:37:22.715Z] Checked if tokens are valid: false, expires at: 1776284208058
[debug] [2026-04-16T16:37:22.715Z] > refreshing access token with scopes: []
[debug] [2026-04-16T16:37:22.717Z] >>> [apiv2][query] POST https://www.googleapis.com/oauth2/v3/token [none]
[debug] [2026-04-16T16:37:22.717Z] >>> [apiv2][body] POST https://www.googleapis.com/oauth2/v3/token [omitted]
[debug] [2026-04-16T16:37:23.087Z] <<< [apiv2][status] POST https://www.googleapis.com/oauth2/v3/token 200
[debug] [2026-04-16T16:37:23.087Z] <<< [apiv2][body] POST https://www.googleapis.com/oauth2/v3/token [omitted]
[debug] [2026-04-16T16:37:23.091Z] >>> [apiv2][query] GET https://firebase.googleapis.com/v1beta1/projects pageSize=100
[debug] [2026-04-16T16:37:23.897Z] <<< [apiv2][status] GET https://firebase.googleapis.com/v1beta1/projects 200
[debug] [2026-04-16T16:37:23.897Z] <<< [apiv2][body] GET https://firebase.googleapis.com/v1beta1/projects [omitted]
[info] 
=== Hosting Setup
[debug] [2026-04-16T16:37:28.074Z] Checked if tokens are valid: true, expires at: 1776361042087
[debug] [2026-04-16T16:37:28.074Z] Checked if tokens are valid: true, expires at: 1776361042087
[debug] [2026-04-16T16:37:28.074Z] >>> [apiv2][query] GET https://firebase.googleapis.com/v1beta1/projects/projeto-backy [none]
[debug] [2026-04-16T16:37:28.456Z] <<< [apiv2][status] GET https://firebase.googleapis.com/v1beta1/projects/projeto-backy 200
[debug] [2026-04-16T16:37:28.456Z] <<< [apiv2][body] GET https://firebase.googleapis.com/v1beta1/projects/projeto-backy {"projectId":"projeto-backy","projectNumber":"848211316493","displayName":"Projeto Back-End FIREBASE","name":"projects/projeto-backy","resources":{"hostingSite":"projeto-backy"},"state":"ACTIVE","etag":"1_29b868fc-c580-4cd4-8bea-db05247d43ad"}
[info] 
[info] Your public directory is the folder (relative to your project directory) that
[info] will contain Hosting assets to be uploaded with firebase deploy. If you
[info] have a build process for your assets, use your build's output directory.
[info] 
[info] 
[info] i  Didn't detect a .git folder. Assuming C:\xampp\htdocs\Tarefa LoginCadastro is the project root. 
[info] i  Authorizing with GitHub to upload your service account to a GitHub repository's secrets store. 
[info] 
[info] Visit this URL on this device to log in:
[info] https://github.com/login/oauth/authorize?client_id=89cf50f02ac6aaed3484&state=821560891&redirect_uri=http%3A%2F%2Flocalhost%3A9005&scope=read%3Auser%20repo%20public_repo
[info] 
[info] Waiting for authentication...
[debug] [2026-04-16T16:40:57.218Z] ----------------------------------------------------------------------
[debug] [2026-04-16T16:40:57.220Z] Command:       C:\Program Files\nodejs\node.exe C:\Users\Usuario\AppData\Roaming\npm\node_modules\firebase-tools\lib\bin\firebase.js init
[debug] [2026-04-16T16:40:57.220Z] CLI Version:   15.14.0
[debug] [2026-04-16T16:40:57.220Z] Platform:      win32
[debug] [2026-04-16T16:40:57.220Z] Node Version:  v22.17.0
[debug] [2026-04-16T16:40:57.221Z] Time:          Thu Apr 16 2026 12:40:57 GMT-0400 (Horário Padrão do Amazonas)
[debug] [2026-04-16T16:40:57.221Z] ----------------------------------------------------------------------
[debug] 
[info] 
     ######## #### ########  ######## ########     ###     ######  ########
     ##        ##  ##     ## ##       ##     ##  ##   ##  ##       ##
     ######    ##  ########  ######   ########  #########  ######  ######
     ##        ##  ##    ##  ##       ##     ## ##     ##       ## ##
     ##       #### ##     ## ######## ########  ##     ##  ######  ########

You're about to initialize a Firebase project in this directory:

  C:\xampp\htdocs\Tarefa LoginCadastro

Before we get started, keep in mind:

  * You are currently outside your home directory

[info] 
=== Project Setup
[info] 
[info] First, let's associate this project directory with a Firebase project.
[info] You can create multiple project aliases by running firebase use --add, 
[info] 
[debug] [2026-04-16T16:41:10.181Z] > command requires scopes: ["email","openid","https://www.googleapis.com/auth/cloudplatformprojects.readonly","https://www.googleapis.com/auth/firebase","https://www.googleapis.com/auth/cloud-platform"]
[debug] [2026-04-16T16:41:10.181Z] > authorizing via signed-in user (ryan2018atual@gmail.com)
[debug] [2026-04-16T16:41:10.182Z] Checked if tokens are valid: true, expires at: 1776361042087
[debug] [2026-04-16T16:41:10.182Z] Checked if tokens are valid: true, expires at: 1776361042087
[debug] [2026-04-16T16:41:10.183Z] >>> [apiv2][query] GET https://firebase.googleapis.com/v1beta1/projects/projeto-backy [none]
[debug] [2026-04-16T16:41:10.823Z] <<< [apiv2][status] GET https://firebase.googleapis.com/v1beta1/projects/projeto-backy 200
[debug] [2026-04-16T16:41:10.823Z] <<< [apiv2][body] GET https://firebase.googleapis.com/v1beta1/projects/projeto-backy {"projectId":"projeto-backy","projectNumber":"848211316493","displayName":"Projeto Back-End FIREBASE","name":"projects/projeto-backy","resources":{"hostingSite":"projeto-backy"},"state":"ACTIVE","etag":"1_29b868fc-c580-4cd4-8bea-db05247d43ad"}
[info] i  Using project projeto-backy (Projeto Back-End FIREBASE) . 
[info] 
=== Hosting Setup
[debug] [2026-04-16T16:41:10.836Z] Checked if tokens are valid: true, expires at: 1776361042087
[debug] [2026-04-16T16:41:10.836Z] Checked if tokens are valid: true, expires at: 1776361042087
[debug] [2026-04-16T16:41:10.836Z] >>> [apiv2][query] GET https://firebase.googleapis.com/v1beta1/projects/projeto-backy [none]
[debug] [2026-04-16T16:41:11.232Z] <<< [apiv2][status] GET https://firebase.googleapis.com/v1beta1/projects/projeto-backy 200
[debug] [2026-04-16T16:41:11.232Z] <<< [apiv2][body] GET https://firebase.googleapis.com/v1beta1/projects/projeto-backy {"projectId":"projeto-backy","projectNumber":"848211316493","displayName":"Projeto Back-End FIREBASE","name":"projects/projeto-backy","resources":{"hostingSite":"projeto-backy"},"state":"ACTIVE","etag":"1_29b868fc-c580-4cd4-8bea-db05247d43ad"}
[info] 
[info] Your public directory is the folder (relative to your project directory) that
[info] will contain Hosting assets to be uploaded with firebase deploy. If you
[info] have a build process for your assets, use your build's output directory.
[info] 
[info] 
[info] i  Didn't detect a .git folder. Assuming C:\xampp\htdocs\Tarefa LoginCadastro is the project root. 
[info] i  Authorizing with GitHub to upload your service account to a GitHub repository's secrets store. 
[info] 
[info] Visit this URL on this device to log in:
[info] https://github.com/login/oauth/authorize?client_id=89cf50f02ac6aaed3484&state=689195613&redirect_uri=http%3A%2F%2Flocalhost%3A9005&scope=read%3Auser%20repo%20public_repo
[info] 
[info] Waiting for authentication...
[debug] [2026-04-16T16:41:34.034Z] >>> [apiv2][query] POST https://github.com/login/oauth/access_token [none]
[debug] [2026-04-16T16:41:34.034Z] >>> [apiv2][body] POST https://github.com/login/oauth/access_token [stream]
[debug] [2026-04-16T16:41:34.620Z] <<< [apiv2][status] POST https://github.com/login/oauth/access_token 200
[debug] [2026-04-16T16:41:34.620Z] <<< [apiv2][body] POST https://github.com/login/oauth/access_token {"access_token":"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","token_type":"bearer","scope":"read:user,repo"}
[debug] [2026-04-16T16:41:34.626Z] >>> [apiv2][query] GET https://api.github.com/user [none]
[debug] [2026-04-16T16:41:35.256Z] <<< [apiv2][status] GET https://api.github.com/user 200
[debug] [2026-04-16T16:41:35.256Z] <<< [apiv2][body] GET https://api.github.com/user {"login":"RyanMB777","id":157528587,"node_id":"U_kgDOCWOyCw","avatar_url":"https://avatars.githubusercontent.com/u/157528587?v=4","gravatar_id":"","url":"https://api.github.com/users/RyanMB777","html_url":"https://github.com/RyanMB777","followers_url":"https://api.github.com/users/RyanMB777/followers","following_url":"https://api.github.com/users/RyanMB777/following{/other_user}","gists_url":"https://api.github.com/users/RyanMB777/gists{/gist_id}","starred_url":"https://api.github.com/users/RyanMB777/starred{/owner}{/repo}","subscriptions_url":"https://api.github.com/users/RyanMB777/subscriptions","organizations_url":"https://api.github.com/users/RyanMB777/orgs","repos_url":"https://api.github.com/users/RyanMB777/repos","events_url":"https://api.github.com/users/RyanMB777/events{/privacy}","received_events_url":"https://api.github.com/users/RyanMB777/received_events","type":"User","user_view_type":"private","site_admin":false,"name":"Ryan Mendes Braga","company":"Central de Medicamentos do Amazonas (CEMA)","blog":"","location":"Manaus/AM","email":null,"hireable":null,"bio":"Eng. de Software (5/10) Técnico em Informática.\r\nAtualmente focado em desenvolvimento Full Stack com JavaScript, Python e PHP. Faço Estágio em Suporte TI.","twitter_username":null,"notification_email":null,"public_repos":7,"public_gists":0,"followers":0,"following":0,"created_at":"2024-01-23T19:06:52Z","updated_at":"2026-04-16T01:55:21Z","private_gists":0,"total_private_repos":0,"owned_private_repos":0,"disk_usage":633,"collaborators":0,"two_factor_authentication":false,"plan":{"name":"free","space":976562499,"collaborators":0,"private_repos":10000}}
[info] 
[info] +  Success! Logged into GitHub as RyanMB777 
[info] 
